2024-06-24 18:08:06,499 p=3444395 u=upszot n=ansible | [WARNING]: A duplicate localhost-like entry was found (localhost). First found localhost was 127.0.0.1

2024-06-24 18:08:06,598 p=3444395 u=upszot n=ansible | PLAY [all] **********************************************************************************************************************************************************************************************************************************
2024-06-24 18:08:06,609 p=3444395 u=upszot n=ansible | TASK [Gathering Facts] **********************************************************************************************************************************************************************************************************************
2024-06-24 18:08:07,746 p=3444395 u=upszot n=ansible | ok: [localhost]
2024-06-24 18:08:07,775 p=3444395 u=upszot n=ansible | TASK [include_role : 2do_parcial] ***********************************************************************************************************************************************************************************************************
2024-06-24 18:08:07,805 p=3444395 u=upszot n=ansible | TASK [2do_parcial : debug] ******************************************************************************************************************************************************************************************************************
2024-06-24 18:08:07,817 p=3444395 u=upszot n=ansible | ok: [localhost] => {
    "msg": "Tareas del 2do Parcial"
}
2024-06-24 18:08:07,836 p=3444395 u=upszot n=ansible | TASK [Otra tarea] ***************************************************************************************************************************************************************************************************************************
2024-06-24 18:08:07,851 p=3444395 u=upszot n=ansible | ok: [localhost] => {
    "msg": "Despues de la ejecucion del rol"
}
2024-06-24 18:08:07,885 p=3444395 u=upszot n=ansible | PLAY RECAP **********************************************************************************************************************************************************************************************************************************
2024-06-24 18:08:07,885 p=3444395 u=upszot n=ansible | localhost                  : ok=3    changed=0    unreachable=0    failed=0    skipped=0    rescued=0    ignored=0   
2024-11-19 19:31:45,275 p=2393 u=vagrant n=ansible | [WARNING]: No inventory was parsed, only implicit localhost is available

2024-11-19 19:31:45,280 p=2393 u=vagrant n=ansible | [WARNING]: provided hosts list is empty, only localhost is available. Note that the implicit localhost does not match 'all'

2024-11-19 19:31:45,456 p=2393 u=vagrant n=ansible | PLAY [Crear archivos con templates] ***************************************************************************************************************************************************************************************************************
2024-11-19 19:31:45,491 p=2393 u=vagrant n=ansible | TASK [Gathering Facts] ****************************************************************************************************************************************************************************************************************************
2024-11-19 19:31:46,353 p=2393 u=vagrant n=ansible | ok: [localhost]
2024-11-19 19:31:46,362 p=2393 u=vagrant n=ansible | TASK [Crear datos_alumno.txt] *********************************************************************************************************************************************************************************************************************
2024-11-19 19:31:46,733 p=2393 u=vagrant n=ansible | changed: [localhost]
2024-11-19 19:31:46,738 p=2393 u=vagrant n=ansible | TASK [Crear datos_equipo.txt] *********************************************************************************************************************************************************************************************************************
2024-11-19 19:31:46,973 p=2393 u=vagrant n=ansible | changed: [localhost]
2024-11-19 19:31:46,982 p=2393 u=vagrant n=ansible | PLAY RECAP ****************************************************************************************************************************************************************************************************************************************
2024-11-19 19:31:46,983 p=2393 u=vagrant n=ansible | localhost                  : ok=3    changed=2    unreachable=0    failed=0    skipped=0    rescued=0    ignored=0   
2024-11-19 19:41:28,874 p=2651 u=vagrant n=ansible | [WARNING]: No inventory was parsed, only implicit localhost is available

2024-11-19 19:41:28,876 p=2651 u=vagrant n=ansible | [WARNING]: provided hosts list is empty, only localhost is available. Note that the implicit localhost does not match 'all'

2024-11-19 19:41:28,960 p=2651 u=vagrant n=ansible | PLAY [Crear archivos] *****************************************************************************************************************************************************************************************************************************
2024-11-19 19:41:28,966 p=2651 u=vagrant n=ansible | TASK [Gathering Facts] ****************************************************************************************************************************************************************************************************************************
2024-11-19 19:41:29,621 p=2651 u=vagrant n=ansible | ok: [localhost]
2024-11-19 19:41:29,631 p=2651 u=vagrant n=ansible | TASK [Obtener datos pedidos] **********************************************************************************************************************************************************************************************************************
2024-11-19 19:41:29,651 p=2651 u=vagrant n=ansible | fatal: [localhost]: FAILED! => {"msg": "Unexpected templating type error occurred on ({{ ansible_processor_cores | first }}): 'int' object is not iterable"}
2024-11-19 19:41:29,652 p=2651 u=vagrant n=ansible | PLAY RECAP ****************************************************************************************************************************************************************************************************************************************
2024-11-19 19:41:29,653 p=2651 u=vagrant n=ansible | localhost                  : ok=1    changed=0    unreachable=0    failed=1    skipped=0    rescued=0    ignored=0   
2024-11-19 19:45:40,015 p=2783 u=vagrant n=ansible | [WARNING]: No inventory was parsed, only implicit localhost is available

2024-11-19 19:45:40,016 p=2783 u=vagrant n=ansible | [WARNING]: provided hosts list is empty, only localhost is available. Note that the implicit localhost does not match 'all'

2024-11-19 19:45:40,106 p=2783 u=vagrant n=ansible | PLAY [Crear archivos] *****************************************************************************************************************************************************************************************************************************
2024-11-19 19:45:40,111 p=2783 u=vagrant n=ansible | TASK [Gathering Facts] ****************************************************************************************************************************************************************************************************************************
2024-11-19 19:45:40,765 p=2783 u=vagrant n=ansible | ok: [localhost]
2024-11-19 19:45:40,774 p=2783 u=vagrant n=ansible | TASK [Obtener datos] ******************************************************************************************************************************************************************************************************************************
2024-11-19 19:45:40,792 p=2783 u=vagrant n=ansible | fatal: [localhost]: FAILED! => {"msg": "Unexpected templating type error occurred on ({{ ansible_processor_cores | first }}): 'int' object is not iterable"}
2024-11-19 19:45:40,793 p=2783 u=vagrant n=ansible | PLAY RECAP ****************************************************************************************************************************************************************************************************************************************
2024-11-19 19:45:40,794 p=2783 u=vagrant n=ansible | localhost                  : ok=1    changed=0    unreachable=0    failed=1    skipped=0    rescued=0    ignored=0   
2024-11-19 19:46:28,863 p=2873 u=vagrant n=ansible | [WARNING]: No inventory was parsed, only implicit localhost is available

2024-11-19 19:46:28,865 p=2873 u=vagrant n=ansible | [WARNING]: provided hosts list is empty, only localhost is available. Note that the implicit localhost does not match 'all'

2024-11-19 19:46:28,952 p=2873 u=vagrant n=ansible | PLAY [Crear archivos] *****************************************************************************************************************************************************************************************************************************
2024-11-19 19:46:28,957 p=2873 u=vagrant n=ansible | TASK [Gathering Facts] ****************************************************************************************************************************************************************************************************************************
2024-11-19 19:46:29,609 p=2873 u=vagrant n=ansible | ok: [localhost]
2024-11-19 19:46:29,618 p=2873 u=vagrant n=ansible | TASK [Obtener datos] ******************************************************************************************************************************************************************************************************************************
2024-11-19 19:46:29,637 p=2873 u=vagrant n=ansible | ok: [localhost]
2024-11-19 19:46:29,643 p=2873 u=vagrant n=ansible | TASK [Crear datos_alumno.txt] *********************************************************************************************************************************************************************************************************************
2024-11-19 19:46:30,000 p=2873 u=vagrant n=ansible | changed: [localhost]
2024-11-19 19:46:30,005 p=2873 u=vagrant n=ansible | TASK [Crear datos_equipo.txt] *********************************************************************************************************************************************************************************************************************
2024-11-19 19:46:30,246 p=2873 u=vagrant n=ansible | changed: [localhost]
2024-11-19 19:46:30,254 p=2873 u=vagrant n=ansible | PLAY RECAP ****************************************************************************************************************************************************************************************************************************************
2024-11-19 19:46:30,255 p=2873 u=vagrant n=ansible | localhost                  : ok=4    changed=2    unreachable=0    failed=0    skipped=0    rescued=0    ignored=0   
